<?xml version="1.0" encoding="UTF-8"?>
<TestRun id="3ca06c25-484e-490d-b99c-3b334a3e50af" name="Administrator@F5LI4IXVQMXTMAN 2012-04-19 17:07:24" runUser="F5LI4IXVQMXTMAN\Administrator" xmlns="http://microsoft.com/schemas/VisualStudio/TeamTest/2010">
  <TestSettings name="本地" id="55eddd7f-e26d-4924-ac12-753d806eb0d4">
    <Description>这些设置为本地测试运行的默认测试设置。</Description>
    <Deployment enabled="false" runDeploymentRoot="Administrator_F5LI4IXVQMXTMAN 2012-04-19 17_07_24" />
    <Execution>
      <TestTypeSpecific />
      <AgentRule name="Execution Agents">
      </AgentRule>
    </Execution>
  </TestSettings>
  <Times creation="2012-04-19T17:07:24.0908203+08:00" queuing="2012-04-19T17:07:24.1279296+08:00" start="2012-04-19T17:07:24.1503906+08:00" finish="2012-04-19T17:07:24.5615234+08:00" />
  <ResultSummary outcome="Completed">
    <Counters total="2" executed="2" passed="2" error="0" failed="0" timeout="0" aborted="0" inconclusive="0" passedButRunAborted="0" notRunnable="0" notExecuted="0" disconnected="0" warning="0" completed="0" inProgress="0" pending="0" />
  </ResultSummary>
  <TestDefinitions>
    <UnitTest name="TestMethod1" storage="e:\bowlinggame\bowlinggametest\bowlinggametest\bin\debug\bowlinggametest.dll" id="76ba1d8e-600d-f8f3-212a-1ed0270f9ff2">
      <Execution id="67af5c67-b074-4fe8-9062-e06ec334b154" />
      <TestMethod codeBase="E:/BowlingGame/BowlingGameTest/BowlingGameTest/bin/Debug/BowlingGameTest.DLL" adapterTypeName="Microsoft.VisualStudio.TestTools.TestTypes.Unit.UnitTestAdapter, Microsoft.VisualStudio.QualityTools.Tips.UnitTest.Adapter, Version=10.0.0.0, Culture=neutral, PublicKeyToken=b03f5f7f11d50a3a" className="BowlingGameTest.UnitTest1, BowlingGameTest, Version=1.0.0.0, Culture=neutral, PublicKeyToken=null" name="TestMethod1" />
    </UnitTest>
    <UnitTest name="TestMethod1" storage="e:\bowlinggame\bowlinggametest\bowlinggametest\bin\debug\bowlinggametest.dll" id="a076da3f-8645-abd3-7adc-9ab28995504e">
      <Execution id="ac2ccfe4-6fcf-43d2-b564-edd18f606d76" />
      <TestMethod codeBase="E:/BowlingGame/BowlingGameTest/BowlingGameTest/bin/Debug/BowlingGameTest.DLL" adapterTypeName="Microsoft.VisualStudio.TestTools.TestTypes.Unit.UnitTestAdapter, Microsoft.VisualStudio.QualityTools.Tips.UnitTest.Adapter, Version=10.0.0.0, Culture=neutral, PublicKeyToken=b03f5f7f11d50a3a" className="BowlingGameTest.FrameTest, BowlingGameTest, Version=1.0.0.0, Culture=neutral, PublicKeyToken=null" name="TestMethod1" />
    </UnitTest>
  </TestDefinitions>
  <TestLists>
    <TestList name="列表中未列出的结果" id="8c84fa94-04c1-424b-9868-57a2d4851a1d" />
    <TestList name="所有已加载的结果" id="19431567-8539-422a-85d7-44ee4e166bda" />
  </TestLists>
  <TestEntries>
    <TestEntry testId="76ba1d8e-600d-f8f3-212a-1ed0270f9ff2" executionId="67af5c67-b074-4fe8-9062-e06ec334b154" testListId="8c84fa94-04c1-424b-9868-57a2d4851a1d" />
    <TestEntry testId="a076da3f-8645-abd3-7adc-9ab28995504e" executionId="ac2ccfe4-6fcf-43d2-b564-edd18f606d76" testListId="8c84fa94-04c1-424b-9868-57a2d4851a1d" />
  </TestEntries>
  <Results>
    <UnitTestResult executionId="67af5c67-b074-4fe8-9062-e06ec334b154" testId="76ba1d8e-600d-f8f3-212a-1ed0270f9ff2" testName="TestMethod1" computerName="F5LI4IXVQMXTMAN" duration="00:00:00.0303250" startTime="2012-04-19T17:07:24.1708984+08:00" endTime="2012-04-19T17:07:24.5068359+08:00" testType="13cdc9d9-ddb5-4fa4-a97d-d965ccfc6d4b" outcome="Passed" testListId="8c84fa94-04c1-424b-9868-57a2d4851a1d" relativeResultsDirectory="67af5c67-b074-4fe8-9062-e06ec334b154">
    </UnitTestResult>
    <UnitTestResult executionId="ac2ccfe4-6fcf-43d2-b564-edd18f606d76" testId="a076da3f-8645-abd3-7adc-9ab28995504e" testName="TestMethod1" computerName="F5LI4IXVQMXTMAN" duration="00:00:00.0009684" startTime="2012-04-19T17:07:24.5205078+08:00" endTime="2012-04-19T17:07:24.5410156+08:00" testType="13cdc9d9-ddb5-4fa4-a97d-d965ccfc6d4b" outcome="Passed" testListId="8c84fa94-04c1-424b-9868-57a2d4851a1d" relativeResultsDirectory="ac2ccfe4-6fcf-43d2-b564-edd18f606d76">
    </UnitTestResult>
  </Results>
</TestRun>