<?xml version="1.0" encoding="UTF-8"?>
<TestRun id="31f75a49-e316-444c-903c-2391e901e5f9" name="Administrator@F5LI4IXVQMXTMAN 2012-04-19 17:07:44" runUser="F5LI4IXVQMXTMAN\Administrator" xmlns="http://microsoft.com/schemas/VisualStudio/TeamTest/2010">
  <TestSettings name="本地" id="55eddd7f-e26d-4924-ac12-753d806eb0d4">
    <Description>这些设置为本地测试运行的默认测试设置。</Description>
    <Deployment enabled="false" runDeploymentRoot="Administrator_F5LI4IXVQMXTMAN 2012-04-19 17_07_44" />
    <Execution>
      <TestTypeSpecific />
      <AgentRule name="Execution Agents">
      </AgentRule>
    </Execution>
  </TestSettings>
  <Times creation="2012-04-19T17:07:44.7265625+08:00" queuing="2012-04-19T17:07:44.7597656+08:00" start="2012-04-19T17:07:44.7724609+08:00" finish="2012-04-19T17:07:45.1992187+08:00" />
  <ResultSummary outcome="Completed">
    <Counters total="2" executed="2" passed="2" error="0" failed="0" timeout="0" aborted="0" inconclusive="0" passedButRunAborted="0" notRunnable="0" notExecuted="0" disconnected="0" warning="0" completed="0" inProgress="0" pending="0" />
  </ResultSummary>
  <TestDefinitions>
    <UnitTest name="TestMethod1" storage="e:\bowlinggame\bowlinggametest\bowlinggametest\bin\debug\bowlinggametest.dll" id="76ba1d8e-600d-f8f3-212a-1ed0270f9ff2">
      <Execution id="94fe6a73-7b5f-4c05-be33-a153ebaf3c64" />
      <TestMethod codeBase="E:/BowlingGame/BowlingGameTest/BowlingGameTest/bin/Debug/BowlingGameTest.DLL" adapterTypeName="Microsoft.VisualStudio.TestTools.TestTypes.Unit.UnitTestAdapter, Microsoft.VisualStudio.QualityTools.Tips.UnitTest.Adapter, Version=10.0.0.0, Culture=neutral, PublicKeyToken=b03f5f7f11d50a3a" className="BowlingGameTest.UnitTest1, BowlingGameTest, Version=1.0.0.0, Culture=neutral, PublicKeyToken=null" name="TestMethod1" />
    </UnitTest>
    <UnitTest name="TestScoreNoThrows" storage="e:\bowlinggame\bowlinggametest\bowlinggametest\bin\debug\bowlinggametest.dll" id="9a5fd58c-b2f8-08e9-7ec6-962e0ebd488d">
      <Execution id="253d43b1-4cca-46e8-82ec-fed89e67cbfc" />
      <TestMethod codeBase="E:/BowlingGame/BowlingGameTest/BowlingGameTest/bin/Debug/BowlingGameTest.DLL" adapterTypeName="Microsoft.VisualStudio.TestTools.TestTypes.Unit.UnitTestAdapter, Microsoft.VisualStudio.QualityTools.Tips.UnitTest.Adapter, Version=10.0.0.0, Culture=neutral, PublicKeyToken=b03f5f7f11d50a3a" className="BowlingGameTest.FrameTest, BowlingGameTest, Version=1.0.0.0, Culture=neutral, PublicKeyToken=null" name="TestScoreNoThrows" />
    </UnitTest>
  </TestDefinitions>
  <TestLists>
    <TestList name="列表中未列出的结果" id="8c84fa94-04c1-424b-9868-57a2d4851a1d" />
    <TestList name="所有已加载的结果" id="19431567-8539-422a-85d7-44ee4e166bda" />
  </TestLists>
  <TestEntries>
    <TestEntry testId="76ba1d8e-600d-f8f3-212a-1ed0270f9ff2" executionId="94fe6a73-7b5f-4c05-be33-a153ebaf3c64" testListId="8c84fa94-04c1-424b-9868-57a2d4851a1d" />
    <TestEntry testId="9a5fd58c-b2f8-08e9-7ec6-962e0ebd488d" executionId="253d43b1-4cca-46e8-82ec-fed89e67cbfc" testListId="8c84fa94-04c1-424b-9868-57a2d4851a1d" />
  </TestEntries>
  <Results>
    <UnitTestResult executionId="94fe6a73-7b5f-4c05-be33-a153ebaf3c64" testId="76ba1d8e-600d-f8f3-212a-1ed0270f9ff2" testName="TestMethod1" computerName="F5LI4IXVQMXTMAN" duration="00:00:00.0181867" startTime="2012-04-19T17:07:44.7949218+08:00" endTime="2012-04-19T17:07:45.1074218+08:00" testType="13cdc9d9-ddb5-4fa4-a97d-d965ccfc6d4b" outcome="Passed" testListId="8c84fa94-04c1-424b-9868-57a2d4851a1d" relativeResultsDirectory="94fe6a73-7b5f-4c05-be33-a153ebaf3c64">
    </UnitTestResult>
    <UnitTestResult executionId="253d43b1-4cca-46e8-82ec-fed89e67cbfc" testId="9a5fd58c-b2f8-08e9-7ec6-962e0ebd488d" testName="TestScoreNoThrows" computerName="F5LI4IXVQMXTMAN" duration="00:00:00.0142080" startTime="2012-04-19T17:07:45.1142578+08:00" endTime="2012-04-19T17:07:45.1689453+08:00" testType="13cdc9d9-ddb5-4fa4-a97d-d965ccfc6d4b" outcome="Passed" testListId="8c84fa94-04c1-424b-9868-57a2d4851a1d" relativeResultsDirectory="253d43b1-4cca-46e8-82ec-fed89e67cbfc">
    </UnitTestResult>
  </Results>
</TestRun>