<?xml version="1.0" encoding="UTF-8"?>
<TestRun id="1fc754d2-5cad-4331-83fe-5e7ecb517e8e" name="Administrator@F5LI4IXVQMXTMAN 2012-04-19 17:06:27" runUser="F5LI4IXVQMXTMAN\Administrator" xmlns="http://microsoft.com/schemas/VisualStudio/TeamTest/2010">
  <TestSettings name="本地" id="55eddd7f-e26d-4924-ac12-753d806eb0d4">
    <Description>这些设置为本地测试运行的默认测试设置。</Description>
    <Deployment enabled="false" runDeploymentRoot="Administrator_F5LI4IXVQMXTMAN 2012-04-19 17_06_27" />
    <Execution>
      <TestTypeSpecific />
      <AgentRule name="Execution Agents">
      </AgentRule>
    </Execution>
  </TestSettings>
  <Times creation="2012-04-19T17:06:27.1347656+08:00" queuing="2012-04-19T17:06:27.1875000+08:00" start="2012-04-19T17:06:27.1992187+08:00" finish="2012-04-19T17:06:27.7255859+08:00" />
  <ResultSummary outcome="Completed">
    <Counters total="2" executed="2" passed="2" error="0" failed="0" timeout="0" aborted="0" inconclusive="0" passedButRunAborted="0" notRunnable="0" notExecuted="0" disconnected="0" warning="0" completed="0" inProgress="0" pending="0" />
  </ResultSummary>
  <TestDefinitions>
    <UnitTest name="TestMethod1" storage="e:\bowlinggame\bowlinggametest\bowlinggametest\bin\debug\bowlinggametest.dll" id="76ba1d8e-600d-f8f3-212a-1ed0270f9ff2">
      <Execution id="d2181acc-a6d1-4c0d-a213-3dd2afe807ea" />
      <TestMethod codeBase="E:/BowlingGame/BowlingGameTest/BowlingGameTest/bin/Debug/BowlingGameTest.DLL" adapterTypeName="Microsoft.VisualStudio.TestTools.TestTypes.Unit.UnitTestAdapter, Microsoft.VisualStudio.QualityTools.Tips.UnitTest.Adapter, Version=10.0.0.0, Culture=neutral, PublicKeyToken=b03f5f7f11d50a3a" className="BowlingGameTest.UnitTest1, BowlingGameTest, Version=1.0.0.0, Culture=neutral, PublicKeyToken=null" name="TestMethod1" />
    </UnitTest>
    <UnitTest name="TestMethod1" storage="e:\bowlinggame\bowlinggametest\bowlinggametest\bin\debug\bowlinggametest.dll" id="a076da3f-8645-abd3-7adc-9ab28995504e">
      <Execution id="4a21261f-bb12-463f-bab9-54557b1bbd64" />
      <TestMethod codeBase="E:/BowlingGame/BowlingGameTest/BowlingGameTest/bin/Debug/BowlingGameTest.DLL" adapterTypeName="Microsoft.VisualStudio.TestTools.TestTypes.Unit.UnitTestAdapter, Microsoft.VisualStudio.QualityTools.Tips.UnitTest.Adapter, Version=10.0.0.0, Culture=neutral, PublicKeyToken=b03f5f7f11d50a3a" className="BowlingGameTest.FrameTest, BowlingGameTest, Version=1.0.0.0, Culture=neutral, PublicKeyToken=null" name="TestMethod1" />
    </UnitTest>
  </TestDefinitions>
  <TestLists>
    <TestList name="列表中未列出的结果" id="8c84fa94-04c1-424b-9868-57a2d4851a1d" />
    <TestList name="所有已加载的结果" id="19431567-8539-422a-85d7-44ee4e166bda" />
  </TestLists>
  <TestEntries>
    <TestEntry testId="76ba1d8e-600d-f8f3-212a-1ed0270f9ff2" executionId="d2181acc-a6d1-4c0d-a213-3dd2afe807ea" testListId="8c84fa94-04c1-424b-9868-57a2d4851a1d" />
    <TestEntry testId="a076da3f-8645-abd3-7adc-9ab28995504e" executionId="4a21261f-bb12-463f-bab9-54557b1bbd64" testListId="8c84fa94-04c1-424b-9868-57a2d4851a1d" />
  </TestEntries>
  <Results>
    <UnitTestResult executionId="d2181acc-a6d1-4c0d-a213-3dd2afe807ea" testId="76ba1d8e-600d-f8f3-212a-1ed0270f9ff2" testName="TestMethod1" computerName="F5LI4IXVQMXTMAN" duration="00:00:00.0141466" startTime="2012-04-19T17:06:27.2265625+08:00" endTime="2012-04-19T17:06:27.6884765+08:00" testType="13cdc9d9-ddb5-4fa4-a97d-d965ccfc6d4b" outcome="Passed" testListId="8c84fa94-04c1-424b-9868-57a2d4851a1d" relativeResultsDirectory="d2181acc-a6d1-4c0d-a213-3dd2afe807ea">
    </UnitTestResult>
    <UnitTestResult executionId="4a21261f-bb12-463f-bab9-54557b1bbd64" testId="a076da3f-8645-abd3-7adc-9ab28995504e" testName="TestMethod1" computerName="F5LI4IXVQMXTMAN" duration="00:00:00.0003261" startTime="2012-04-19T17:06:27.6933593+08:00" endTime="2012-04-19T17:06:27.7001953+08:00" testType="13cdc9d9-ddb5-4fa4-a97d-d965ccfc6d4b" outcome="Passed" testListId="8c84fa94-04c1-424b-9868-57a2d4851a1d" relativeResultsDirectory="4a21261f-bb12-463f-bab9-54557b1bbd64">
    </UnitTestResult>
  </Results>
</TestRun>