<?xml version="1.0" encoding="UTF-8"?>
<TestRun id="54ce22fb-44fc-46b4-b598-1eca767ea69a" name="Administrator@F5LI4IXVQMXTMAN 2012-04-19 23:07:39" runUser="F5LI4IXVQMXTMAN\Administrator" xmlns="http://microsoft.com/schemas/VisualStudio/TeamTest/2010">
  <TestSettings name="本地" id="55eddd7f-e26d-4924-ac12-753d806eb0d4">
    <Description>这些设置为本地测试运行的默认测试设置。</Description>
    <Deployment enabled="false" runDeploymentRoot="Administrator_F5LI4IXVQMXTMAN 2012-04-19 23_07_39" />
    <Execution>
      <TestTypeSpecific />
      <AgentRule name="Execution Agents">
      </AgentRule>
    </Execution>
  </TestSettings>
  <Times creation="2012-04-19T23:07:39.7812500+08:00" queuing="2012-04-19T23:07:39.8291015+08:00" start="2012-04-19T23:07:39.8603515+08:00" finish="2012-04-19T23:07:40.9697265+08:00" />
  <ResultSummary outcome="Failed">
    <Counters total="10" executed="10" error="0" failed="10" timeout="0" aborted="0" inconclusive="0" passedButRunAborted="0" notRunnable="0" notExecuted="0" disconnected="0" warning="0" passed="0" completed="0" inProgress="0" pending="0" />
  </ResultSummary>
  <TestDefinitions>
    <UnitTest name="TestSimpleStrike" storage="e:\bowlinggame\bowlinggametest\bowlinggametest\bin\debug\bowlinggametest.dll" id="a51fe5dc-4b6f-f220-54b6-19337e28f5e4">
      <Execution id="001e8fb0-8429-42af-ae89-e92242f3663b" />
      <TestMethod codeBase="E:/BowlingGame/BowlingGameTest/BowlingGameTest/bin/Debug/BowlingGameTest.DLL" adapterTypeName="Microsoft.VisualStudio.TestTools.TestTypes.Unit.UnitTestAdapter, Microsoft.VisualStudio.QualityTools.Tips.UnitTest.Adapter, Version=10.0.0.0, Culture=neutral, PublicKeyToken=b03f5f7f11d50a3a" className="BowlingGameTest.GameTest, BowlingGameTest, Version=1.0.0.0, Culture=neutral, PublicKeyToken=null" name="TestSimpleStrike" />
    </UnitTest>
    <UnitTest name="TestFourThrowsNoMark" storage="e:\bowlinggame\bowlinggametest\bowlinggametest\bin\debug\bowlinggametest.dll" id="e69f4d91-862d-4c1f-8ce8-ac18c91b1046">
      <Execution id="33311180-8b1e-42f0-a6eb-8a441eabde0c" />
      <TestMethod codeBase="E:/BowlingGame/BowlingGameTest/BowlingGameTest/bin/Debug/BowlingGameTest.DLL" adapterTypeName="Microsoft.VisualStudio.TestTools.TestTypes.Unit.UnitTestAdapter, Microsoft.VisualStudio.QualityTools.Tips.UnitTest.Adapter, Version=10.0.0.0, Culture=neutral, PublicKeyToken=b03f5f7f11d50a3a" className="BowlingGameTest.GameTest, BowlingGameTest, Version=1.0.0.0, Culture=neutral, PublicKeyToken=null" name="TestFourThrowsNoMark" />
    </UnitTest>
    <UnitTest name="TestSimpleFrameAfterSpare" storage="e:\bowlinggame\bowlinggametest\bowlinggametest\bin\debug\bowlinggametest.dll" id="ea37382a-e229-0f26-f638-61865c6375fb">
      <Execution id="807ff099-74bd-4db5-89f7-6045e4e840af" />
      <TestMethod codeBase="E:/BowlingGame/BowlingGameTest/BowlingGameTest/bin/Debug/BowlingGameTest.DLL" adapterTypeName="Microsoft.VisualStudio.TestTools.TestTypes.Unit.UnitTestAdapter, Microsoft.VisualStudio.QualityTools.Tips.UnitTest.Adapter, Version=10.0.0.0, Culture=neutral, PublicKeyToken=b03f5f7f11d50a3a" className="BowlingGameTest.GameTest, BowlingGameTest, Version=1.0.0.0, Culture=neutral, PublicKeyToken=null" name="TestSimpleFrameAfterSpare" />
    </UnitTest>
    <UnitTest name="TestPerfectGame" storage="e:\bowlinggame\bowlinggametest\bowlinggametest\bin\debug\bowlinggametest.dll" id="d53c23bd-c3db-48d3-56fa-aec315209313">
      <Execution id="0359a91c-d612-4575-9a19-f01ed2e64aef" />
      <TestMethod codeBase="E:/BowlingGame/BowlingGameTest/BowlingGameTest/bin/Debug/BowlingGameTest.DLL" adapterTypeName="Microsoft.VisualStudio.TestTools.TestTypes.Unit.UnitTestAdapter, Microsoft.VisualStudio.QualityTools.Tips.UnitTest.Adapter, Version=10.0.0.0, Culture=neutral, PublicKeyToken=b03f5f7f11d50a3a" className="BowlingGameTest.GameTest, BowlingGameTest, Version=1.0.0.0, Culture=neutral, PublicKeyToken=null" name="TestPerfectGame" />
    </UnitTest>
    <UnitTest name="TestTwoThrowsNoMark" storage="e:\bowlinggame\bowlinggametest\bowlinggametest\bin\debug\bowlinggametest.dll" id="f410da72-b70b-fdf1-23b3-19d130f30e63">
      <Execution id="00cba9f5-82ac-47d4-a2f4-7e2abf830fb5" />
      <TestMethod codeBase="E:/BowlingGame/BowlingGameTest/BowlingGameTest/bin/Debug/BowlingGameTest.DLL" adapterTypeName="Microsoft.VisualStudio.TestTools.TestTypes.Unit.UnitTestAdapter, Microsoft.VisualStudio.QualityTools.Tips.UnitTest.Adapter, Version=10.0.0.0, Culture=neutral, PublicKeyToken=b03f5f7f11d50a3a" className="BowlingGameTest.GameTest, BowlingGameTest, Version=1.0.0.0, Culture=neutral, PublicKeyToken=null" name="TestTwoThrowsNoMark" />
    </UnitTest>
    <UnitTest name="TestHeartBreak" storage="e:\bowlinggame\bowlinggametest\bowlinggametest\bin\debug\bowlinggametest.dll" id="560cf12a-b6af-52af-1b55-0b7afd85ec3f">
      <Execution id="70dae2e4-78bc-432a-bb84-52286005ce80" />
      <TestMethod codeBase="E:/BowlingGame/BowlingGameTest/BowlingGameTest/bin/Debug/BowlingGameTest.DLL" adapterTypeName="Microsoft.VisualStudio.TestTools.TestTypes.Unit.UnitTestAdapter, Microsoft.VisualStudio.QualityTools.Tips.UnitTest.Adapter, Version=10.0.0.0, Culture=neutral, PublicKeyToken=b03f5f7f11d50a3a" className="BowlingGameTest.GameTest, BowlingGameTest, Version=1.0.0.0, Culture=neutral, PublicKeyToken=null" name="TestHeartBreak" />
    </UnitTest>
    <UnitTest name="TestEndOfArray" storage="e:\bowlinggame\bowlinggametest\bowlinggametest\bin\debug\bowlinggametest.dll" id="cdf8eefe-12a3-d707-3154-f2165fcb988e">
      <Execution id="3bbc3c93-f104-4cd6-a3df-0f263138ade0" />
      <TestMethod codeBase="E:/BowlingGame/BowlingGameTest/BowlingGameTest/bin/Debug/BowlingGameTest.DLL" adapterTypeName="Microsoft.VisualStudio.TestTools.TestTypes.Unit.UnitTestAdapter, Microsoft.VisualStudio.QualityTools.Tips.UnitTest.Adapter, Version=10.0.0.0, Culture=neutral, PublicKeyToken=b03f5f7f11d50a3a" className="BowlingGameTest.GameTest, BowlingGameTest, Version=1.0.0.0, Culture=neutral, PublicKeyToken=null" name="TestEndOfArray" />
    </UnitTest>
    <UnitTest name="TestSimpleSpare" storage="e:\bowlinggame\bowlinggametest\bowlinggametest\bin\debug\bowlinggametest.dll" id="49c2cf70-c55b-6fe1-0748-e24b3fac3b18">
      <Execution id="d1e97a8d-16b8-4825-b433-60783f40d09b" />
      <TestMethod codeBase="E:/BowlingGame/BowlingGameTest/BowlingGameTest/bin/Debug/BowlingGameTest.DLL" adapterTypeName="Microsoft.VisualStudio.TestTools.TestTypes.Unit.UnitTestAdapter, Microsoft.VisualStudio.QualityTools.Tips.UnitTest.Adapter, Version=10.0.0.0, Culture=neutral, PublicKeyToken=b03f5f7f11d50a3a" className="BowlingGameTest.GameTest, BowlingGameTest, Version=1.0.0.0, Culture=neutral, PublicKeyToken=null" name="TestSimpleSpare" />
    </UnitTest>
    <UnitTest name="TestSampleGame" storage="e:\bowlinggame\bowlinggametest\bowlinggametest\bin\debug\bowlinggametest.dll" id="4a71f6df-a40d-72ce-b695-3152fe11c7e6">
      <Execution id="3d24d2c6-758a-48b1-8d4c-5303e161c5cb" />
      <TestMethod codeBase="E:/BowlingGame/BowlingGameTest/BowlingGameTest/bin/Debug/BowlingGameTest.DLL" adapterTypeName="Microsoft.VisualStudio.TestTools.TestTypes.Unit.UnitTestAdapter, Microsoft.VisualStudio.QualityTools.Tips.UnitTest.Adapter, Version=10.0.0.0, Culture=neutral, PublicKeyToken=b03f5f7f11d50a3a" className="BowlingGameTest.GameTest, BowlingGameTest, Version=1.0.0.0, Culture=neutral, PublicKeyToken=null" name="TestSampleGame" />
    </UnitTest>
    <UnitTest name="TestTenthFrameSpare" storage="e:\bowlinggame\bowlinggametest\bowlinggametest\bin\debug\bowlinggametest.dll" id="e3a5d2b2-7e7b-8adf-f47b-48c284782eca">
      <Execution id="0480f08a-ddc6-4bbe-b976-d0c24ac61045" />
      <TestMethod codeBase="E:/BowlingGame/BowlingGameTest/BowlingGameTest/bin/Debug/BowlingGameTest.DLL" adapterTypeName="Microsoft.VisualStudio.TestTools.TestTypes.Unit.UnitTestAdapter, Microsoft.VisualStudio.QualityTools.Tips.UnitTest.Adapter, Version=10.0.0.0, Culture=neutral, PublicKeyToken=b03f5f7f11d50a3a" className="BowlingGameTest.GameTest, BowlingGameTest, Version=1.0.0.0, Culture=neutral, PublicKeyToken=null" name="TestTenthFrameSpare" />
    </UnitTest>
  </TestDefinitions>
  <TestLists>
    <TestList name="列表中未列出的结果" id="8c84fa94-04c1-424b-9868-57a2d4851a1d" />
    <TestList name="所有已加载的结果" id="19431567-8539-422a-85d7-44ee4e166bda" />
  </TestLists>
  <TestEntries>
    <TestEntry testId="49c2cf70-c55b-6fe1-0748-e24b3fac3b18" executionId="d1e97a8d-16b8-4825-b433-60783f40d09b" testListId="8c84fa94-04c1-424b-9868-57a2d4851a1d" />
    <TestEntry testId="4a71f6df-a40d-72ce-b695-3152fe11c7e6" executionId="3d24d2c6-758a-48b1-8d4c-5303e161c5cb" testListId="8c84fa94-04c1-424b-9868-57a2d4851a1d" />
    <TestEntry testId="560cf12a-b6af-52af-1b55-0b7afd85ec3f" executionId="70dae2e4-78bc-432a-bb84-52286005ce80" testListId="8c84fa94-04c1-424b-9868-57a2d4851a1d" />
    <TestEntry testId="a51fe5dc-4b6f-f220-54b6-19337e28f5e4" executionId="001e8fb0-8429-42af-ae89-e92242f3663b" testListId="8c84fa94-04c1-424b-9868-57a2d4851a1d" />
    <TestEntry testId="cdf8eefe-12a3-d707-3154-f2165fcb988e" executionId="3bbc3c93-f104-4cd6-a3df-0f263138ade0" testListId="8c84fa94-04c1-424b-9868-57a2d4851a1d" />
    <TestEntry testId="d53c23bd-c3db-48d3-56fa-aec315209313" executionId="0359a91c-d612-4575-9a19-f01ed2e64aef" testListId="8c84fa94-04c1-424b-9868-57a2d4851a1d" />
    <TestEntry testId="e3a5d2b2-7e7b-8adf-f47b-48c284782eca" executionId="0480f08a-ddc6-4bbe-b976-d0c24ac61045" testListId="8c84fa94-04c1-424b-9868-57a2d4851a1d" />
    <TestEntry testId="e69f4d91-862d-4c1f-8ce8-ac18c91b1046" executionId="33311180-8b1e-42f0-a6eb-8a441eabde0c" testListId="8c84fa94-04c1-424b-9868-57a2d4851a1d" />
    <TestEntry testId="ea37382a-e229-0f26-f638-61865c6375fb" executionId="807ff099-74bd-4db5-89f7-6045e4e840af" testListId="8c84fa94-04c1-424b-9868-57a2d4851a1d" />
    <TestEntry testId="f410da72-b70b-fdf1-23b3-19d130f30e63" executionId="00cba9f5-82ac-47d4-a2f4-7e2abf830fb5" testListId="8c84fa94-04c1-424b-9868-57a2d4851a1d" />
  </TestEntries>
  <Results>
    <UnitTestResult executionId="d1e97a8d-16b8-4825-b433-60783f40d09b" testId="49c2cf70-c55b-6fe1-0748-e24b3fac3b18" testName="TestSimpleSpare" computerName="F5LI4IXVQMXTMAN" duration="00:00:00.0712406" startTime="2012-04-19T23:07:39.9384765+08:00" endTime="2012-04-19T23:07:40.5166015+08:00" testType="13cdc9d9-ddb5-4fa4-a97d-d965ccfc6d4b" outcome="Failed" testListId="8c84fa94-04c1-424b-9868-57a2d4851a1d" relativeResultsDirectory="d1e97a8d-16b8-4825-b433-60783f40d09b">
      <Output>
        <ErrorInfo>
          <Message>测试方法 BowlingGameTest.GameTest.TestSimpleSpare 引发了异常: 
System.NullReferenceException: 未将对象引用设置到对象的实例。</Message>
          <StackTrace>    在 BowlingGameTest.GameTest.TestSimpleSpare() 位置 E:\BowlingGame\BowlingGameTest\BowlingGameTest\GameTest.cs:行号 45
</StackTrace>
        </ErrorInfo>
      </Output>
    </UnitTestResult>
    <UnitTestResult executionId="3d24d2c6-758a-48b1-8d4c-5303e161c5cb" testId="4a71f6df-a40d-72ce-b695-3152fe11c7e6" testName="TestSampleGame" computerName="F5LI4IXVQMXTMAN" duration="00:00:00.0072105" startTime="2012-04-19T23:07:40.5322265+08:00" endTime="2012-04-19T23:07:40.5478515+08:00" testType="13cdc9d9-ddb5-4fa4-a97d-d965ccfc6d4b" outcome="Failed" testListId="8c84fa94-04c1-424b-9868-57a2d4851a1d" relativeResultsDirectory="3d24d2c6-758a-48b1-8d4c-5303e161c5cb">
      <Output>
        <ErrorInfo>
          <Message>测试方法 BowlingGameTest.GameTest.TestSampleGame 引发了异常: 
System.NullReferenceException: 未将对象引用设置到对象的实例。</Message>
          <StackTrace>    在 BowlingGameTest.GameTest.TestSampleGame() 位置 E:\BowlingGame\BowlingGameTest\BowlingGameTest\GameTest.cs:行号 100
</StackTrace>
        </ErrorInfo>
      </Output>
    </UnitTestResult>
    <UnitTestResult executionId="70dae2e4-78bc-432a-bb84-52286005ce80" testId="560cf12a-b6af-52af-1b55-0b7afd85ec3f" testName="TestHeartBreak" computerName="F5LI4IXVQMXTMAN" duration="00:00:00.0016399" startTime="2012-04-19T23:07:40.5634765+08:00" endTime="2012-04-19T23:07:40.5791015+08:00" testType="13cdc9d9-ddb5-4fa4-a97d-d965ccfc6d4b" outcome="Failed" testListId="8c84fa94-04c1-424b-9868-57a2d4851a1d" relativeResultsDirectory="70dae2e4-78bc-432a-bb84-52286005ce80">
      <Output>
        <ErrorInfo>
          <Message>测试方法 BowlingGameTest.GameTest.TestHeartBreak 引发了异常: 
System.NullReferenceException: 未将对象引用设置到对象的实例。</Message>
          <StackTrace>    在 BowlingGameTest.GameTest.TestHeartBreak() 位置 E:\BowlingGame\BowlingGameTest\BowlingGameTest\GameTest.cs:行号 126
</StackTrace>
        </ErrorInfo>
      </Output>
    </UnitTestResult>
    <UnitTestResult executionId="001e8fb0-8429-42af-ae89-e92242f3663b" testId="a51fe5dc-4b6f-f220-54b6-19337e28f5e4" testName="TestSimpleStrike" computerName="F5LI4IXVQMXTMAN" duration="00:00:00.0143877" startTime="2012-04-19T23:07:40.5947265+08:00" endTime="2012-04-19T23:07:40.6259765+08:00" testType="13cdc9d9-ddb5-4fa4-a97d-d965ccfc6d4b" outcome="Failed" testListId="8c84fa94-04c1-424b-9868-57a2d4851a1d" relativeResultsDirectory="001e8fb0-8429-42af-ae89-e92242f3663b">
      <Output>
        <ErrorInfo>
          <Message>测试方法 BowlingGameTest.GameTest.TestSimpleStrike 引发了异常: 
System.NullReferenceException: 未将对象引用设置到对象的实例。</Message>
          <StackTrace>    在 BowlingGameTest.GameTest.TestSimpleStrike() 位置 E:\BowlingGame\BowlingGameTest\BowlingGameTest\GameTest.cs:行号 66
</StackTrace>
        </ErrorInfo>
      </Output>
    </UnitTestResult>
    <UnitTestResult executionId="3bbc3c93-f104-4cd6-a3df-0f263138ade0" testId="cdf8eefe-12a3-d707-3154-f2165fcb988e" testName="TestEndOfArray" computerName="F5LI4IXVQMXTMAN" duration="00:00:00.0084433" startTime="2012-04-19T23:07:40.6259765+08:00" endTime="2012-04-19T23:07:40.6572265+08:00" testType="13cdc9d9-ddb5-4fa4-a97d-d965ccfc6d4b" outcome="Failed" testListId="8c84fa94-04c1-424b-9868-57a2d4851a1d" relativeResultsDirectory="3bbc3c93-f104-4cd6-a3df-0f263138ade0">
      <Output>
        <ErrorInfo>
          <Message>测试方法 BowlingGameTest.GameTest.TestEndOfArray 引发了异常: 
System.NullReferenceException: 未将对象引用设置到对象的实例。</Message>
          <StackTrace>    在 BowlingGameTest.GameTest.TestEndOfArray() 位置 E:\BowlingGame\BowlingGameTest\BowlingGameTest\GameTest.cs:行号 88
</StackTrace>
        </ErrorInfo>
      </Output>
    </UnitTestResult>
    <UnitTestResult executionId="0359a91c-d612-4575-9a19-f01ed2e64aef" testId="d53c23bd-c3db-48d3-56fa-aec315209313" testName="TestPerfectGame" computerName="F5LI4IXVQMXTMAN" duration="00:00:00.0028085" startTime="2012-04-19T23:07:40.6728515+08:00" endTime="2012-04-19T23:07:40.6884765+08:00" testType="13cdc9d9-ddb5-4fa4-a97d-d965ccfc6d4b" outcome="Failed" testListId="8c84fa94-04c1-424b-9868-57a2d4851a1d" relativeResultsDirectory="0359a91c-d612-4575-9a19-f01ed2e64aef">
      <Output>
        <ErrorInfo>
          <Message>测试方法 BowlingGameTest.GameTest.TestPerfectGame 引发了异常: 
System.NullReferenceException: 未将对象引用设置到对象的实例。</Message>
          <StackTrace>    在 BowlingGameTest.GameTest.TestPerfectGame() 位置 E:\BowlingGame\BowlingGameTest\BowlingGameTest\GameTest.cs:行号 78
</StackTrace>
        </ErrorInfo>
      </Output>
    </UnitTestResult>
    <UnitTestResult executionId="0480f08a-ddc6-4bbe-b976-d0c24ac61045" testId="e3a5d2b2-7e7b-8adf-f47b-48c284782eca" testName="TestTenthFrameSpare" computerName="F5LI4IXVQMXTMAN" duration="00:00:00.0017349" startTime="2012-04-19T23:07:40.7041015+08:00" endTime="2012-04-19T23:07:40.7197265+08:00" testType="13cdc9d9-ddb5-4fa4-a97d-d965ccfc6d4b" outcome="Failed" testListId="8c84fa94-04c1-424b-9868-57a2d4851a1d" relativeResultsDirectory="0480f08a-ddc6-4bbe-b976-d0c24ac61045">
      <Output>
        <ErrorInfo>
          <Message>测试方法 BowlingGameTest.GameTest.TestTenthFrameSpare 引发了异常: 
System.NullReferenceException: 未将对象引用设置到对象的实例。</Message>
          <StackTrace>    在 BowlingGameTest.GameTest.TestTenthFrameSpare() 位置 E:\BowlingGame\BowlingGameTest\BowlingGameTest\GameTest.cs:行号 135
</StackTrace>
        </ErrorInfo>
      </Output>
    </UnitTestResult>
    <UnitTestResult executionId="33311180-8b1e-42f0-a6eb-8a441eabde0c" testId="e69f4d91-862d-4c1f-8ce8-ac18c91b1046" testName="TestFourThrowsNoMark" computerName="F5LI4IXVQMXTMAN" duration="00:00:00.0026127" startTime="2012-04-19T23:07:40.7509765+08:00" endTime="2012-04-19T23:07:40.8291015+08:00" testType="13cdc9d9-ddb5-4fa4-a97d-d965ccfc6d4b" outcome="Failed" testListId="8c84fa94-04c1-424b-9868-57a2d4851a1d" relativeResultsDirectory="33311180-8b1e-42f0-a6eb-8a441eabde0c">
      <Output>
        <ErrorInfo>
          <Message>测试方法 BowlingGameTest.GameTest.TestFourThrowsNoMark 引发了异常: 
System.NullReferenceException: 未将对象引用设置到对象的实例。</Message>
          <StackTrace>    在 BowlingGameTest.GameTest.TestFourThrowsNoMark() 位置 E:\BowlingGame\BowlingGameTest\BowlingGameTest\GameTest.cs:行号 33
</StackTrace>
        </ErrorInfo>
      </Output>
    </UnitTestResult>
    <UnitTestResult executionId="807ff099-74bd-4db5-89f7-6045e4e840af" testId="ea37382a-e229-0f26-f638-61865c6375fb" testName="TestSimpleFrameAfterSpare" computerName="F5LI4IXVQMXTMAN" duration="00:00:00.0043217" startTime="2012-04-19T23:07:40.8291015+08:00" endTime="2012-04-19T23:07:40.8603515+08:00" testType="13cdc9d9-ddb5-4fa4-a97d-d965ccfc6d4b" outcome="Failed" testListId="8c84fa94-04c1-424b-9868-57a2d4851a1d" relativeResultsDirectory="807ff099-74bd-4db5-89f7-6045e4e840af">
      <Output>
        <ErrorInfo>
          <Message>测试方法 BowlingGameTest.GameTest.TestSimpleFrameAfterSpare 引发了异常: 
System.NullReferenceException: 未将对象引用设置到对象的实例。</Message>
          <StackTrace>    在 BowlingGameTest.GameTest.TestSimpleFrameAfterSpare() 位置 E:\BowlingGame\BowlingGameTest\BowlingGameTest\GameTest.cs:行号 54
</StackTrace>
        </ErrorInfo>
      </Output>
    </UnitTestResult>
    <UnitTestResult executionId="00cba9f5-82ac-47d4-a2f4-7e2abf830fb5" testId="f410da72-b70b-fdf1-23b3-19d130f30e63" testName="TestTwoThrowsNoMark" computerName="F5LI4IXVQMXTMAN" duration="00:00:00.0015919" startTime="2012-04-19T23:07:40.8603515+08:00" endTime="2012-04-19T23:07:40.8759765+08:00" testType="13cdc9d9-ddb5-4fa4-a97d-d965ccfc6d4b" outcome="Failed" testListId="8c84fa94-04c1-424b-9868-57a2d4851a1d" relativeResultsDirectory="00cba9f5-82ac-47d4-a2f4-7e2abf830fb5">
      <Output>
        <ErrorInfo>
          <Message>测试方法 BowlingGameTest.GameTest.TestTwoThrowsNoMark 引发了异常: 
System.NullReferenceException: 未将对象引用设置到对象的实例。</Message>
          <StackTrace>    在 BowlingGameTest.GameTest.TestTwoThrowsNoMark() 位置 E:\BowlingGame\BowlingGameTest\BowlingGameTest\GameTest.cs:行号 24
</StackTrace>
        </ErrorInfo>
      </Output>
    </UnitTestResult>
  </Results>
</TestRun>